0 info it worked if it ends with ok
1 verbose cli [ '/usr/local/bin/node', '/usr/local/bin/npm', 'start' ]
2 info using npm@3.6.0
3 info using node@v5.7.0
4 verbose run-script [ 'prestart', 'start', 'poststart' ]
5 info lifecycle valkyria-baby@0.0.1~prestart: valkyria-baby@0.0.1
6 silly lifecycle valkyria-baby@0.0.1~prestart: no script for prestart, continuing
7 info lifecycle valkyria-baby@0.0.1~start: valkyria-baby@0.0.1
8 verbose lifecycle valkyria-baby@0.0.1~start: unsafe-perm in lifecycle true
9 verbose lifecycle valkyria-baby@0.0.1~start: PATH: /usr/local/lib/node_modules/npm/bin/node-gyp-bin:/Applications/MAMP/htdocs/valkyria-baby/node_modules/.bin:/Users/cesaraugustozapata/.composer/vendor/bin:/usr/local/php5/bin:/usr/local/bin:/usr/local/bin:/Library/Frameworks/Python.framework/Versions/3.4/bin:/usr/local/bin:/usr/bin:/bin:/usr/sbin:/sbin:/usr/local/git/bin:/Library/Frameworks/Mono.framework/Versions/Current/Commands
10 verbose lifecycle valkyria-baby@0.0.1~start: CWD: /Applications/MAMP/htdocs/valkyria-baby
11 silly lifecycle valkyria-baby@0.0.1~start: Args: [ '-c', 'node index.js' ]
12 silly lifecycle valkyria-baby@0.0.1~start: Returned: code: 1  signal: null
13 info lifecycle valkyria-baby@0.0.1~start: Failed to exec start script
14 verbose stack Error: valkyria-baby@0.0.1 start: `node index.js`
14 verbose stack Exit status 1
14 verbose stack     at EventEmitter.<anonymous> (/usr/local/lib/node_modules/npm/lib/utils/lifecycle.js:232:16)
14 verbose stack     at emitTwo (events.js:100:13)
14 verbose stack     at EventEmitter.emit (events.js:185:7)
14 verbose stack     at ChildProcess.<anonymous> (/usr/local/lib/node_modules/npm/lib/utils/spawn.js:24:14)
14 verbose stack     at emitTwo (events.js:100:13)
14 verbose stack     at ChildProcess.emit (events.js:185:7)
14 verbose stack     at maybeClose (internal/child_process.js:827:16)
14 verbose stack     at Process.ChildProcess._handle.onexit (internal/child_process.js:211:5)
15 verbose pkgid valkyria-baby@0.0.1
16 verbose cwd /Applications/MAMP/htdocs/valkyria-baby
17 error Darwin 14.3.0
18 error argv "/usr/local/bin/node" "/usr/local/bin/npm" "start"
19 error node v5.7.0
20 error npm  v3.6.0
21 error code ELIFECYCLE
22 error valkyria-baby@0.0.1 start: `node index.js`
22 error Exit status 1
23 error Failed at the valkyria-baby@0.0.1 start script 'node index.js'.
23 error Make sure you have the latest version of node.js and npm installed.
23 error If you do, this is most likely a problem with the valkyria-baby package,
23 error not with npm itself.
23 error Tell the author that this fails on your system:
23 error     node index.js
23 error You can get information on how to open an issue for this project with:
23 error     npm bugs valkyria-baby
23 error Or if that isn't available, you can get their info via:
23 error     npm owner ls valkyria-baby
23 error There is likely additional logging output above.
24 verbose exit [ 1, true ]
